Library/Bee/Android/Prj/IL2CPP/Gradle/launcher/build/intermediates/manifest_merge_blame_file/release/manifest-merger-blame-release-report.txt
1<?xml version="1.0" encoding="utf-8"?>
2<manifest xmlns:android="http://schemas.android.com/apk/res/android"
3    package="com.DefaultCompany.snake"
4    android:installLocation="preferExternal"
5    android:versionCode="1"
6    android:versionName="1.21" >
7
8    <uses-sdk
9        android:minSdkVersion="23"
9-->src\main\AndroidManifest.xml
10        android:targetSdkVersion="33" />
10-->src\main\AndroidManifest.xml
11
12    <supports-screens
12-->src\main\AndroidManifest.xml:4:3-163
13        android:anyDensity="true"
13-->src\main\AndroidManifest.xml:4:135-160
14        android:largeScreens="true"
14-->src\main\AndroidManifest.xml:4:78-105
15        android:normalScreens="true"
15-->src\main\AndroidManifest.xml:4:49-77
16        android:smallScreens="true"
16-->src\main\AndroidManifest.xml:4:21-48
17        android:xlargeScreens="true" />
17-->src\main\AndroidManifest.xml:4:106-134
18
19    <uses-feature android:glEsVersion="0x00030000" />
19-->[:unityLibrary] AndroidManifest.xml:10:5-54
19-->[:unityLibrary] AndroidManifest.xml:10:19-51
20    <uses-feature
20-->[:unityLibrary] AndroidManifest.xml:11:5-13:36
21        android:name="android.hardware.vulkan.version"
21-->[:unityLibrary] AndroidManifest.xml:12:9-55
22        android:required="false" />
22-->[:unityLibrary] AndroidManifest.xml:13:9-33
23    <uses-feature
23-->[:unityLibrary] AndroidManifest.xml:14:5-16:36
24        android:name="android.hardware.touchscreen"
24-->[:unityLibrary] AndroidManifest.xml:15:9-52
25        android:required="false" />
25-->[:unityLibrary] AndroidManifest.xml:16:9-33
26    <uses-feature
26-->[:unityLibrary] AndroidManifest.xml:17:5-19:36
27        android:name="android.hardware.touchscreen.multitouch"
27-->[:unityLibrary] AndroidManifest.xml:18:9-63
28        android:required="false" />
28-->[:unityLibrary] AndroidManifest.xml:19:9-33
29    <uses-feature
29-->[:unityLibrary] AndroidManifest.xml:20:5-22:36
30        android:name="android.hardware.touchscreen.multitouch.distinct"
30-->[:unityLibrary] AndroidManifest.xml:21:9-72
31        android:required="false" />
31-->[:unityLibrary] AndroidManifest.xml:22:9-33
32
33    <permission
33-->[androidx.core:core:1.9.0] AndroidManifest.xml:22:5-24:47
34        android:name="com.DefaultCompany.snake.DYNAMIC_RECEIVER_NOT_EXPORTED_PERMISSION"
34-->[androidx.core:core:1.9.0] AndroidManifest.xml:23:9-81
35        android:protectionLevel="signature" />
35-->[androidx.core:core:1.9.0] AndroidManifest.xml:24:9-44
36
37    <uses-permission android:name="com.DefaultCompany.snake.DYNAMIC_RECEIVER_NOT_EXPORTED_PERMISSION" />
37-->[androidx.core:core:1.9.0] AndroidManifest.xml:26:5-97
37-->[androidx.core:core:1.9.0] AndroidManifest.xml:26:22-94
38
39    <application
39-->src\main\AndroidManifest.xml:3:3-83
40        android:appComponentFactory="androidx.core.app.CoreComponentFactory"
40-->[androidx.core:core:1.9.0] AndroidManifest.xml:28:18-86
41        android:extractNativeLibs="true"
41-->[:unityLibrary] AndroidManifest.xml:24:18-50
42        android:icon="@mipmap/app_icon"
42-->src\main\AndroidManifest.xml:3:16-47
43        android:label="@string/app_name" >
43-->src\main\AndroidManifest.xml:3:48-80
44        <meta-data
44-->[:unityLibrary] AndroidManifest.xml:25:9-27:33
45            android:name="unity.splash-mode"
45-->[:unityLibrary] AndroidManifest.xml:26:13-45
46            android:value="0" />
46-->[:unityLibrary] AndroidManifest.xml:27:13-30
47        <meta-data
47-->[:unityLibrary] AndroidManifest.xml:28:9-30:36
48            android:name="unity.splash-enable"
48-->[:unityLibrary] AndroidManifest.xml:29:13-47
49            android:value="True" />
49-->[:unityLibrary] AndroidManifest.xml:30:13-33
50        <meta-data
50-->[:unityLibrary] AndroidManifest.xml:31:9-33:36
51            android:name="unity.launch-fullscreen"
51-->[:unityLibrary] AndroidManifest.xml:32:13-51
52            android:value="True" />
52-->[:unityLibrary] AndroidManifest.xml:33:13-33
53        <meta-data
53-->[:unityLibrary] AndroidManifest.xml:34:9-36:50
54            android:name="notch.config"
54-->[:unityLibrary] AndroidManifest.xml:35:13-40
55            android:value="portrait|landscape" />
55-->[:unityLibrary] AndroidManifest.xml:36:13-47
56        <meta-data
56-->[:unityLibrary] AndroidManifest.xml:37:9-39:36
57            android:name="unity.auto-report-fully-drawn"
57-->[:unityLibrary] AndroidManifest.xml:38:13-57
58            android:value="true" />
58-->[:unityLibrary] AndroidManifest.xml:39:13-33
59        <meta-data
59-->[:unityLibrary] AndroidManifest.xml:40:9-42:36
60            android:name="unity.strip-engine-code"
60-->[:unityLibrary] AndroidManifest.xml:41:13-51
61            android:value="true" />
61-->[:unityLibrary] AndroidManifest.xml:42:13-33
62
63        <activity
63-->[:unityLibrary] AndroidManifest.xml:44:9-69:20
64            android:name="com.unity3d.player.UnityPlayerGameActivity"
64-->[:unityLibrary] AndroidManifest.xml:45:13-70
65            android:configChanges="mcc|mnc|locale|touchscreen|keyboard|keyboardHidden|navigation|orientation|screenLayout|uiMode|screenSize|smallestScreenSize|fontScale|layoutDirection|density"
65-->[:unityLibrary] AndroidManifest.xml:46:13-194
66            android:enabled="true"
66-->[:unityLibrary] AndroidManifest.xml:47:13-35
67            android:exported="true"
67-->[:unityLibrary] AndroidManifest.xml:48:13-36
68            android:hardwareAccelerated="false"
68-->[:unityLibrary] AndroidManifest.xml:49:13-48
69            android:launchMode="singleTask"
69-->[:unityLibrary] AndroidManifest.xml:50:13-44
70            android:resizeableActivity="false"
70-->[:unityLibrary] AndroidManifest.xml:51:13-47
71            android:screenOrientation="userLandscape"
71-->[:unityLibrary] AndroidManifest.xml:52:13-54
72            android:theme="@style/BaseUnityGameActivityTheme" >
72-->[:unityLibrary] AndroidManifest.xml:53:13-62
73            <intent-filter>
73-->[:unityLibrary] AndroidManifest.xml:54:13-58:29
74                <category android:name="android.intent.category.LAUNCHER" />
74-->[:unityLibrary] AndroidManifest.xml:55:17-77
74-->[:unityLibrary] AndroidManifest.xml:55:27-74
75
76                <action android:name="android.intent.action.MAIN" />
76-->[:unityLibrary] AndroidManifest.xml:57:17-69
76-->[:unityLibrary] AndroidManifest.xml:57:25-66
77            </intent-filter>
78
79            <meta-data
79-->[:unityLibrary] AndroidManifest.xml:60:13-62:40
80                android:name="unityplayer.UnityActivity"
80-->[:unityLibrary] AndroidManifest.xml:61:17-57
81                android:value="true" />
81-->[:unityLibrary] AndroidManifest.xml:62:17-37
82            <meta-data
82-->[:unityLibrary] AndroidManifest.xml:63:13-65:40
83                android:name="android.app.lib_name"
83-->[:unityLibrary] AndroidManifest.xml:64:17-52
84                android:value="game" />
84-->[:unityLibrary] AndroidManifest.xml:65:17-37
85            <meta-data
85-->[:unityLibrary] AndroidManifest.xml:66:13-68:40
86                android:name="notch_support"
86-->[:unityLibrary] AndroidManifest.xml:67:17-45
87                android:value="true" />
87-->[:unityLibrary] AndroidManifest.xml:68:17-37
88        </activity>
89
90        <provider
90-->[androidx.emoji2:emoji2:1.2.0] AndroidManifest.xml:24:9-32:20
91            android:name="androidx.startup.InitializationProvider"
91-->[androidx.emoji2:emoji2:1.2.0] AndroidManifest.xml:25:13-67
92            android:authorities="com.DefaultCompany.snake.androidx-startup"
92-->[androidx.emoji2:emoji2:1.2.0] AndroidManifest.xml:26:13-68
93            android:exported="false" >
93-->[androidx.emoji2:emoji2:1.2.0] AndroidManifest.xml:27:13-37
94            <meta-data
94-->[androidx.emoji2:emoji2:1.2.0] AndroidManifest.xml:29:13-31:52
95                android:name="androidx.emoji2.text.EmojiCompatInitializer"
95-->[androidx.emoji2:emoji2:1.2.0] AndroidManifest.xml:30:17-75
96                android:value="androidx.startup" />
96-->[androidx.emoji2:emoji2:1.2.0] AndroidManifest.xml:31:17-49
97            <meta-data
97-->[androidx.lifecycle:lifecycle-process:2.4.1] AndroidManifest.xml:31:13-33:52
98                android:name="androidx.lifecycle.ProcessLifecycleInitializer"
98-->[androidx.lifecycle:lifecycle-process:2.4.1] AndroidManifest.xml:32:17-78
99                android:value="androidx.startup" />
99-->[androidx.lifecycle:lifecycle-process:2.4.1] AndroidManifest.xml:33:17-49
100        </provider>
101    </application>
102
103</manifest>